<?xml version="1.0" encoding="UTF-8"?>
<testsuite xmlns:xsi="http://www.w3.org/2001/XMLSchema-instance" xsi:noNamespaceSchemaLocation="https://maven.apache.org/surefire/maven-surefire-plugin/xsd/surefire-test-report-3.0.xsd" version="3.0" name="Task3.Task3Test" time="0.244" tests="17" errors="0" skipped="0" failures="0">
  <properties>
[...]
</properties>
  <testcase name="testSocietyCreation" classname="Task3.Task3Test" time="0.004"/>
  <testcase name="testSetAndGetEmotionName" classname="Task3.Task3Test" time="0.002"/>
  <testcase name="testEmotionCreation(String)[1]" classname="Task3.Task3Test" time="0.047"/>
  <testcase name="testEmotionCreation(String)[2]" classname="Task3.Task3Test" time="0.002"/>
  <testcase name="testEmotionCreation(String)[3]" classname="Task3.Task3Test" time="0.002"/>
  <testcase name="testEmotionCreation(String)[4]" classname="Task3.Task3Test" time="0.001"/>
  <testcase name="testMarvinExpressEmotionNone" classname="Task3.Task3Test" time="0.009"/>
  <testcase name="testMarvinCreation" classname="Task3.Task3Test" time="0.002"/>
  <testcase name="testSetAndGetIntonation" classname="Task3.Task3Test" time="0.001"/>
  <testcase name="testIntonationCreation(String, int, boolean)[1]" classname="Task3.Task3Test" time="0.003"/>
  <testcase name="testIntonationCreation(String, int, boolean)[2]" classname="Task3.Task3Test" time="0.001"/>
  <testcase name="testIntonationCreation(String, int, boolean)[3]" classname="Task3.Task3Test" time="0.001"/>
  <testcase name="testMarvinExpressEmotionParameterized(String, String, int, boolean, String)[1]" classname="Task3.Task3Test" time="0.002"/>
  <testcase name="testMarvinExpressEmotionParameterized(String, String, int, boolean, String)[2]" classname="Task3.Task3Test" time="0.002"/>
  <testcase name="testSetAndGetIntonationAttributes" classname="Task3.Task3Test" time="0.001"/>
  <testcase name="testSetAndGetSocietyName" classname="Task3.Task3Test" time="0.003"/>
  <testcase name="testMarvinExpressEmotionMultiple" classname="Task3.Task3Test" time="0.001"/>
</testsuite>